;  LST file generated by mikroListExporter - v.2.0 
; Date/Time: 7/31/2023 4:23:23 PM
;----------------------------------------------

;Address Opcode 	ASM
0x0000	0x2976      	GOTO       374
_interrupt:
0x0004	0x00FF      	MOVWF      R15
0x0005	0x0E03      	SWAPF      STATUS, 0
0x0006	0x0183      	CLRF       STATUS
0x0007	0x00D9      	MOVWF      ___saveSTATUS
0x0008	0x080A      	MOVF       PCLATH, 0
0x0009	0x00D8      	MOVWF      ___savePCLATH
0x000A	0x018A      	CLRF       PCLATH
;MY__CODE.c,7 :: 		void interrupt(){
;MY__CODE.c,8 :: 		if(Manual){
0x000B	0x1C8B      	BTFSS      INTF_bit, BitPos(INTF_bit+0)
0x000C	0x2817      	GOTO       L_interrupt0
;MY__CODE.c,9 :: 		Manual = 0 ;
0x000D	0x108B      	BCF        INTF_bit, BitPos(INTF_bit+0)
;MY__CODE.c,10 :: 		mode = !mode;
0x000E	0x0822      	MOVF       _mode, 0
0x000F	0x0423      	IORWF      _mode+1, 0
0x0010	0x3001      	MOVLW      1
0x0011	0x1D03      	BTFSS      STATUS, 2
0x0012	0x3000      	MOVLW      0
0x0013	0x00A2      	MOVWF      _mode
0x0014	0x00A3      	MOVWF      _mode+1
0x0015	0x3000      	MOVLW      0
0x0016	0x00A3      	MOVWF      _mode+1
;MY__CODE.c,11 :: 		}
L_interrupt0:
;MY__CODE.c,12 :: 		}
L_end_interrupt:
L__interrupt44:
0x0017	0x0858      	MOVF       ___savePCLATH, 0
0x0018	0x008A      	MOVWF      PCLATH
0x0019	0x0E59      	SWAPF      ___saveSTATUS, 0
0x001A	0x0083      	MOVWF      STATUS
0x001B	0x0EFF      	SWAPF      R15, 1
0x001C	0x0E7F      	SWAPF      R15, 0
0x001D	0x0009      	RETFIE
; end of _interrupt
_____DoICP:
;__Lib_System.c,6 :: 		
;__Lib_System.c,9 :: 		
0x001E	0x1283      	BCF        STATUS, 5
0x001F	0x1303      	BCF        STATUS, 6
0x0020	0x0857      	MOVF       ___DoICPAddr+1, 0
0x0021	0x008A      	MOVWF      PCLATH
;__Lib_System.c,10 :: 		
0x0022	0x0856      	MOVF       ___DoICPAddr, 0
0x0023	0x0082      	MOVWF      PCL
;__Lib_System.c,12 :: 		
L_end_____DoICP:
0x0024	0x0008      	RETURN
; end of _____DoICP
___CC2DW:
;__Lib_System.c,134 :: 		
;__Lib_System.c,137 :: 		
_CC2D_Loop1:
;__Lib_System.c,139 :: 		
0x0025	0x201E      	CALL       _____DoICP
0x0026	0x118A      	BCF        PCLATH, 3
0x0027	0x120A      	BCF        PCLATH, 4
;__Lib_System.c,141 :: 		
0x0028	0x0080      	MOVWF      INDF
;__Lib_System.c,142 :: 		
0x0029	0x0A84      	INCF       FSR, 1
;__Lib_System.c,143 :: 		
0x002A	0x0AD6      	INCF       ___DoICPAddr, 1
;__Lib_System.c,145 :: 		
0x002B	0x1903      	BTFSC      STATUS, 2
;__Lib_System.c,146 :: 		
0x002C	0x0AD7      	INCF       ___DoICPAddr+1, 1
;__Lib_System.c,147 :: 		
0x002D	0x03F0      	DECF       R0, 1
;__Lib_System.c,149 :: 		
0x002E	0x1D03      	BTFSS      STATUS, 2
;__Lib_System.c,150 :: 		
0x002F	0x2825      	GOTO       _CC2D_Loop1
;__Lib_System.c,152 :: 		
L_end___CC2DW:
0x0030	0x0008      	RETURN
; end of ___CC2DW
_manual_mode:
;MY__CODE.c,43 :: 		void manual_mode(){
;MY__CODE.c,44 :: 		curr_mode = mode;
0x0031	0x1283      	BCF        STATUS, 5
0x0032	0x1303      	BCF        STATUS, 6
0x0033	0x0822      	MOVF       _mode, 0
0x0034	0x00A0      	MOVWF      _curr_mode
0x0035	0x0823      	MOVF       _mode+1, 0
0x0036	0x00A1      	MOVWF      _curr_mode+1
;MY__CODE.c,45 :: 		for(i=3;i>=0;i--) {
0x0037	0x3003      	MOVLW      3
0x0038	0x00A4      	MOVWF      _i
0x0039	0x3000      	MOVLW      0
0x003A	0x00A5      	MOVWF      _i+1
L_manual_mode19:
0x003B	0x3080      	MOVLW      128
0x003C	0x0625      	XORWF      _i+1, 0
0x003D	0x00F0      	MOVWF      R0
0x003E	0x3080      	MOVLW      128
0x003F	0x0270      	SUBWF      R0, 0
0x0040	0x1D03      	BTFSS      STATUS, 2
0x0041	0x2844      	GOTO       L__manual_mode54
0x0042	0x3000      	MOVLW      0
0x0043	0x0224      	SUBWF      _i, 0
L__manual_mode54:
0x0044	0x1C03      	BTFSS      STATUS, 0
0x0045	0x286B      	GOTO       L_manual_mode20
;MY__CODE.c,46 :: 		portd = nums[i];
0x0046	0x0824      	MOVF       _i, 0
0x0047	0x00F0      	MOVWF      R0
0x0048	0x0825      	MOVF       _i+1, 0
0x0049	0x00F1      	MOVWF      R0+1
0x004A	0x0DF0      	RLF        R0, 1
0x004B	0x0DF1      	RLF        R0+1, 1
0x004C	0x1070      	BCF        R0, 0
0x004D	0x0870      	MOVF       R0, 0
0x004E	0x3E26      	ADDLW      _nums
0x004F	0x0084      	MOVWF      FSR
0x0050	0x0800      	MOVF       INDF, 0
0x0051	0x0088      	MOVWF      PORTD
;MY__CODE.c,47 :: 		portc = 0b01010001;
0x0052	0x3051      	MOVLW      81
0x0053	0x0087      	MOVWF      PORTC
;MY__CODE.c,48 :: 		if(i)delay_ms(1000);
0x0054	0x0824      	MOVF       _i, 0
0x0055	0x0425      	IORWF      _i+1, 0
0x0056	0x1903      	BTFSC      STATUS, 2
0x0057	0x2866      	GOTO       L_manual_mode22
0x0058	0x300B      	MOVLW      11
0x0059	0x00FB      	MOVWF      R11
0x005A	0x3026      	MOVLW      38
0x005B	0x00FC      	MOVWF      R12
0x005C	0x305D      	MOVLW      93
0x005D	0x00FD      	MOVWF      R13
L_manual_mode23:
0x005E	0x0BFD      	DECFSZ     R13, 1
0x005F	0x285E      	GOTO       L_manual_mode23
0x0060	0x0BFC      	DECFSZ     R12, 1
0x0061	0x285E      	GOTO       L_manual_mode23
0x0062	0x0BFB      	DECFSZ     R11, 1
0x0063	0x285E      	GOTO       L_manual_mode23
0x0064	0x0000      	NOP
0x0065	0x0000      	NOP
L_manual_mode22:
;MY__CODE.c,45 :: 		for(i=3;i>=0;i--) {
0x0066	0x3001      	MOVLW      1
0x0067	0x02A4      	SUBWF      _i, 1
0x0068	0x1C03      	BTFSS      STATUS, 0
0x0069	0x03A5      	DECF       _i+1, 1
;MY__CODE.c,49 :: 		}
0x006A	0x283B      	GOTO       L_manual_mode19
L_manual_mode20:
;MY__CODE.c,50 :: 		if(curr_mode!=mode) return ;
0x006B	0x0821      	MOVF       _curr_mode+1, 0
0x006C	0x0623      	XORWF      _mode+1, 0
0x006D	0x1D03      	BTFSS      STATUS, 2
0x006E	0x2871      	GOTO       L__manual_mode55
0x006F	0x0822      	MOVF       _mode, 0
0x0070	0x0620      	XORWF      _curr_mode, 0
L__manual_mode55:
0x0071	0x1903      	BTFSC      STATUS, 2
0x0072	0x2874      	GOTO       L_manual_mode24
0x0073	0x28DD      	GOTO       L_end_manual_mode
L_manual_mode24:
;MY__CODE.c,51 :: 		while(!Manual_C && curr_mode == mode)portc = 0b00100001;
L_manual_mode25:
0x0074	0x1886      	BTFSC      PORTB, 1
0x0075	0x2881      	GOTO       L_manual_mode26
0x0076	0x0821      	MOVF       _curr_mode+1, 0
0x0077	0x0623      	XORWF      _mode+1, 0
0x0078	0x1D03      	BTFSS      STATUS, 2
0x0079	0x287C      	GOTO       L__manual_mode56
0x007A	0x0822      	MOVF       _mode, 0
0x007B	0x0620      	XORWF      _curr_mode, 0
L__manual_mode56:
0x007C	0x1D03      	BTFSS      STATUS, 2
0x007D	0x2881      	GOTO       L_manual_mode26
L__manual_mode42:
0x007E	0x3021      	MOVLW      33
0x007F	0x0087      	MOVWF      PORTC
0x0080	0x2874      	GOTO       L_manual_mode25
L_manual_mode26:
;MY__CODE.c,52 :: 		if(curr_mode!=mode) return ;
0x0081	0x0821      	MOVF       _curr_mode+1, 0
0x0082	0x0623      	XORWF      _mode+1, 0
0x0083	0x1D03      	BTFSS      STATUS, 2
0x0084	0x2887      	GOTO       L__manual_mode57
0x0085	0x0822      	MOVF       _mode, 0
0x0086	0x0620      	XORWF      _curr_mode, 0
L__manual_mode57:
0x0087	0x1903      	BTFSC      STATUS, 2
0x0088	0x288A      	GOTO       L_manual_mode29
0x0089	0x28DD      	GOTO       L_end_manual_mode
L_manual_mode29:
;MY__CODE.c,53 :: 		for(i=3;i>=0 ; i--){
0x008A	0x3003      	MOVLW      3
0x008B	0x00A4      	MOVWF      _i
0x008C	0x3000      	MOVLW      0
0x008D	0x00A5      	MOVWF      _i+1
L_manual_mode30:
0x008E	0x3080      	MOVLW      128
0x008F	0x0625      	XORWF      _i+1, 0
0x0090	0x00F0      	MOVWF      R0
0x0091	0x3080      	MOVLW      128
0x0092	0x0270      	SUBWF      R0, 0
0x0093	0x1D03      	BTFSS      STATUS, 2
0x0094	0x2897      	GOTO       L__manual_mode58
0x0095	0x3000      	MOVLW      0
0x0096	0x0224      	SUBWF      _i, 0
L__manual_mode58:
0x0097	0x1C03      	BTFSS      STATUS, 0
0x0098	0x28BE      	GOTO       L_manual_mode31
;MY__CODE.c,54 :: 		portd = nums[i];
0x0099	0x0824      	MOVF       _i, 0
0x009A	0x00F0      	MOVWF      R0
0x009B	0x0825      	MOVF       _i+1, 0
0x009C	0x00F1      	MOVWF      R0+1
0x009D	0x0DF0      	RLF        R0, 1
0x009E	0x0DF1      	RLF        R0+1, 1
0x009F	0x1070      	BCF        R0, 0
0x00A0	0x0870      	MOVF       R0, 0
0x00A1	0x3E26      	ADDLW      _nums
0x00A2	0x0084      	MOVWF      FSR
0x00A3	0x0800      	MOVF       INDF, 0
0x00A4	0x0088      	MOVWF      PORTD
;MY__CODE.c,55 :: 		portc = 0b10001010;
0x00A5	0x308A      	MOVLW      138
0x00A6	0x0087      	MOVWF      PORTC
;MY__CODE.c,56 :: 		if(i) delay_ms(1000);
0x00A7	0x0824      	MOVF       _i, 0
0x00A8	0x0425      	IORWF      _i+1, 0
0x00A9	0x1903      	BTFSC      STATUS, 2
0x00AA	0x28B9      	GOTO       L_manual_mode33
0x00AB	0x300B      	MOVLW      11
0x00AC	0x00FB      	MOVWF      R11
0x00AD	0x3026      	MOVLW      38
0x00AE	0x00FC      	MOVWF      R12
0x00AF	0x305D      	MOVLW      93
0x00B0	0x00FD      	MOVWF      R13
L_manual_mode34:
0x00B1	0x0BFD      	DECFSZ     R13, 1
0x00B2	0x28B1      	GOTO       L_manual_mode34
0x00B3	0x0BFC      	DECFSZ     R12, 1
0x00B4	0x28B1      	GOTO       L_manual_mode34
0x00B5	0x0BFB      	DECFSZ     R11, 1
0x00B6	0x28B1      	GOTO       L_manual_mode34
0x00B7	0x0000      	NOP
0x00B8	0x0000      	NOP
L_manual_mode33:
;MY__CODE.c,53 :: 		for(i=3;i>=0 ; i--){
0x00B9	0x3001      	MOVLW      1
0x00BA	0x02A4      	SUBWF      _i, 1
0x00BB	0x1C03      	BTFSS      STATUS, 0
0x00BC	0x03A5      	DECF       _i+1, 1
;MY__CODE.c,57 :: 		}
0x00BD	0x288E      	GOTO       L_manual_mode30
L_manual_mode31:
;MY__CODE.c,58 :: 		if (curr_mode!=mode) return;
0x00BE	0x0821      	MOVF       _curr_mode+1, 0
0x00BF	0x0623      	XORWF      _mode+1, 0
0x00C0	0x1D03      	BTFSS      STATUS, 2
0x00C1	0x28C4      	GOTO       L__manual_mode59
0x00C2	0x0822      	MOVF       _mode, 0
0x00C3	0x0620      	XORWF      _curr_mode, 0
L__manual_mode59:
0x00C4	0x1903      	BTFSC      STATUS, 2
0x00C5	0x28C7      	GOTO       L_manual_mode35
0x00C6	0x28DD      	GOTO       L_end_manual_mode
L_manual_mode35:
;MY__CODE.c,59 :: 		while(!Manual_C && curr_mode == mode) portc = 0b00001100;
L_manual_mode36:
0x00C7	0x1886      	BTFSC      PORTB, 1
0x00C8	0x28D4      	GOTO       L_manual_mode37
0x00C9	0x0821      	MOVF       _curr_mode+1, 0
0x00CA	0x0623      	XORWF      _mode+1, 0
0x00CB	0x1D03      	BTFSS      STATUS, 2
0x00CC	0x28CF      	GOTO       L__manual_mode60
0x00CD	0x0822      	MOVF       _mode, 0
0x00CE	0x0620      	XORWF      _curr_mode, 0
L__manual_mode60:
0x00CF	0x1D03      	BTFSS      STATUS, 2
0x00D0	0x28D4      	GOTO       L_manual_mode37
L__manual_mode41:
0x00D1	0x300C      	MOVLW      12
0x00D2	0x0087      	MOVWF      PORTC
0x00D3	0x28C7      	GOTO       L_manual_mode36
L_manual_mode37:
;MY__CODE.c,60 :: 		if(curr_mode!=mode) return ;
0x00D4	0x0821      	MOVF       _curr_mode+1, 0
0x00D5	0x0623      	XORWF      _mode+1, 0
0x00D6	0x1D03      	BTFSS      STATUS, 2
0x00D7	0x28DA      	GOTO       L__manual_mode61
0x00D8	0x0822      	MOVF       _mode, 0
0x00D9	0x0620      	XORWF      _curr_mode, 0
L__manual_mode61:
0x00DA	0x1903      	BTFSC      STATUS, 2
0x00DB	0x28DD      	GOTO       L_manual_mode40
0x00DC	0x28DD      	GOTO       L_end_manual_mode
L_manual_mode40:
;MY__CODE.c,61 :: 		}
L_end_manual_mode:
0x00DD	0x0008      	RETURN
; end of _manual_mode
_auto_mode:
;MY__CODE.c,25 :: 		void auto_mode(){
;MY__CODE.c,26 :: 		portd = 0; portc = 0b1100000;
0x00DE	0x1283      	BCF        STATUS, 5
0x00DF	0x1303      	BCF        STATUS, 6
0x00E0	0x0188      	CLRF       PORTD
0x00E1	0x3060      	MOVLW      96
0x00E2	0x0087      	MOVWF      PORTC
;MY__CODE.c,27 :: 		curr_mode = mode;
0x00E3	0x0822      	MOVF       _mode, 0
0x00E4	0x00A0      	MOVWF      _curr_mode
0x00E5	0x0823      	MOVF       _mode+1, 0
0x00E6	0x00A1      	MOVWF      _curr_mode+1
;MY__CODE.c,28 :: 		for(i=15; i>=0 ; i--){
0x00E7	0x300F      	MOVLW      15
0x00E8	0x00A4      	MOVWF      _i
0x00E9	0x3000      	MOVLW      0
0x00EA	0x00A5      	MOVWF      _i+1
L_auto_mode5:
0x00EB	0x3080      	MOVLW      128
0x00EC	0x0625      	XORWF      _i+1, 0
0x00ED	0x00F0      	MOVWF      R0
0x00EE	0x3080      	MOVLW      128
0x00EF	0x0270      	SUBWF      R0, 0
0x00F0	0x1D03      	BTFSS      STATUS, 2
0x00F1	0x28F4      	GOTO       L__auto_mode47
0x00F2	0x3000      	MOVLW      0
0x00F3	0x0224      	SUBWF      _i, 0
L__auto_mode47:
0x00F4	0x1C03      	BTFSS      STATUS, 0
0x00F5	0x292E      	GOTO       L_auto_mode6
;MY__CODE.c,29 :: 		if (curr_mode!=mode) break;
0x00F6	0x0821      	MOVF       _curr_mode+1, 0
0x00F7	0x0623      	XORWF      _mode+1, 0
0x00F8	0x1D03      	BTFSS      STATUS, 2
0x00F9	0x28FC      	GOTO       L__auto_mode48
0x00FA	0x0822      	MOVF       _mode, 0
0x00FB	0x0620      	XORWF      _curr_mode, 0
L__auto_mode48:
0x00FC	0x1903      	BTFSC      STATUS, 2
0x00FD	0x28FF      	GOTO       L_auto_mode8
0x00FE	0x292E      	GOTO       L_auto_mode6
L_auto_mode8:
;MY__CODE.c,30 :: 		portd = nums[i] ;
0x00FF	0x0824      	MOVF       _i, 0
0x0100	0x00F0      	MOVWF      R0
0x0101	0x0825      	MOVF       _i+1, 0
0x0102	0x00F1      	MOVWF      R0+1
0x0103	0x0DF0      	RLF        R0, 1
0x0104	0x0DF1      	RLF        R0+1, 1
0x0105	0x1070      	BCF        R0, 0
0x0106	0x0870      	MOVF       R0, 0
0x0107	0x3E26      	ADDLW      _nums
0x0108	0x0084      	MOVWF      FSR
0x0109	0x0800      	MOVF       INDF, 0
0x010A	0x0088      	MOVWF      PORTD
;MY__CODE.c,31 :: 		if(i>12) portc = 0b11010001 ;
0x010B	0x3080      	MOVLW      128
0x010C	0x00F0      	MOVWF      R0
0x010D	0x3080      	MOVLW      128
0x010E	0x0625      	XORWF      _i+1, 0
0x010F	0x0270      	SUBWF      R0, 0
0x0110	0x1D03      	BTFSS      STATUS, 2
0x0111	0x2914      	GOTO       L__auto_mode49
0x0112	0x0824      	MOVF       _i, 0
0x0113	0x3C0C      	SUBLW      12
L__auto_mode49:
0x0114	0x1803      	BTFSC      STATUS, 0
0x0115	0x2919      	GOTO       L_auto_mode9
0x0116	0x30D1      	MOVLW      209
0x0117	0x0087      	MOVWF      PORTC
0x0118	0x291B      	GOTO       L_auto_mode10
L_auto_mode9:
;MY__CODE.c,32 :: 		else  portc = 0b11100001 ;
0x0119	0x30E1      	MOVLW      225
0x011A	0x0087      	MOVWF      PORTC
L_auto_mode10:
;MY__CODE.c,33 :: 		delay_ms(1000) ;
0x011B	0x300B      	MOVLW      11
0x011C	0x00FB      	MOVWF      R11
0x011D	0x3026      	MOVLW      38
0x011E	0x00FC      	MOVWF      R12
0x011F	0x305D      	MOVLW      93
0x0120	0x00FD      	MOVWF      R13
L_auto_mode11:
0x0121	0x0BFD      	DECFSZ     R13, 1
0x0122	0x2921      	GOTO       L_auto_mode11
0x0123	0x0BFC      	DECFSZ     R12, 1
0x0124	0x2921      	GOTO       L_auto_mode11
0x0125	0x0BFB      	DECFSZ     R11, 1
0x0126	0x2921      	GOTO       L_auto_mode11
0x0127	0x0000      	NOP
0x0128	0x0000      	NOP
;MY__CODE.c,28 :: 		for(i=15; i>=0 ; i--){
0x0129	0x3001      	MOVLW      1
0x012A	0x02A4      	SUBWF      _i, 1
0x012B	0x1C03      	BTFSS      STATUS, 0
0x012C	0x03A5      	DECF       _i+1, 1
;MY__CODE.c,34 :: 		}
0x012D	0x28EB      	GOTO       L_auto_mode5
L_auto_mode6:
;MY__CODE.c,35 :: 		for(i=23;i>=0; i--){
0x012E	0x3017      	MOVLW      23
0x012F	0x00A4      	MOVWF      _i
0x0130	0x3000      	MOVLW      0
0x0131	0x00A5      	MOVWF      _i+1
L_auto_mode12:
0x0132	0x3080      	MOVLW      128
0x0133	0x0625      	XORWF      _i+1, 0
0x0134	0x00F0      	MOVWF      R0
0x0135	0x3080      	MOVLW      128
0x0136	0x0270      	SUBWF      R0, 0
0x0137	0x1D03      	BTFSS      STATUS, 2
0x0138	0x293B      	GOTO       L__auto_mode50
0x0139	0x3000      	MOVLW      0
0x013A	0x0224      	SUBWF      _i, 0
L__auto_mode50:
0x013B	0x1C03      	BTFSS      STATUS, 0
0x013C	0x2975      	GOTO       L_auto_mode13
;MY__CODE.c,36 :: 		if(curr_mode!=mode) break;
0x013D	0x0821      	MOVF       _curr_mode+1, 0
0x013E	0x0623      	XORWF      _mode+1, 0
0x013F	0x1D03      	BTFSS      STATUS, 2
0x0140	0x2943      	GOTO       L__auto_mode51
0x0141	0x0822      	MOVF       _mode, 0
0x0142	0x0620      	XORWF      _curr_mode, 0
L__auto_mode51:
0x0143	0x1903      	BTFSC      STATUS, 2
0x0144	0x2946      	GOTO       L_auto_mode15
0x0145	0x2975      	GOTO       L_auto_mode13
L_auto_mode15:
;MY__CODE.c,37 :: 		portd = nums[i];
0x0146	0x0824      	MOVF       _i, 0
0x0147	0x00F0      	MOVWF      R0
0x0148	0x0825      	MOVF       _i+1, 0
0x0149	0x00F1      	MOVWF      R0+1
0x014A	0x0DF0      	RLF        R0, 1
0x014B	0x0DF1      	RLF        R0+1, 1
0x014C	0x1070      	BCF        R0, 0
0x014D	0x0870      	MOVF       R0, 0
0x014E	0x3E26      	ADDLW      _nums
0x014F	0x0084      	MOVWF      FSR
0x0150	0x0800      	MOVF       INDF, 0
0x0151	0x0088      	MOVWF      PORTD
;MY__CODE.c,38 :: 		if (i>20) portc = 0b11001010 ;
0x0152	0x3080      	MOVLW      128
0x0153	0x00F0      	MOVWF      R0
0x0154	0x3080      	MOVLW      128
0x0155	0x0625      	XORWF      _i+1, 0
0x0156	0x0270      	SUBWF      R0, 0
0x0157	0x1D03      	BTFSS      STATUS, 2
0x0158	0x295B      	GOTO       L__auto_mode52
0x0159	0x0824      	MOVF       _i, 0
0x015A	0x3C14      	SUBLW      20
L__auto_mode52:
0x015B	0x1803      	BTFSC      STATUS, 0
0x015C	0x2960      	GOTO       L_auto_mode16
0x015D	0x30CA      	MOVLW      202
0x015E	0x0087      	MOVWF      PORTC
0x015F	0x2962      	GOTO       L_auto_mode17
L_auto_mode16:
;MY__CODE.c,39 :: 		else portc = 0b11001100;
0x0160	0x30CC      	MOVLW      204
0x0161	0x0087      	MOVWF      PORTC
L_auto_mode17:
;MY__CODE.c,40 :: 		delay_ms(1000);
0x0162	0x300B      	MOVLW      11
0x0163	0x00FB      	MOVWF      R11
0x0164	0x3026      	MOVLW      38
0x0165	0x00FC      	MOVWF      R12
0x0166	0x305D      	MOVLW      93
0x0167	0x00FD      	MOVWF      R13
L_auto_mode18:
0x0168	0x0BFD      	DECFSZ     R13, 1
0x0169	0x2968      	GOTO       L_auto_mode18
0x016A	0x0BFC      	DECFSZ     R12, 1
0x016B	0x2968      	GOTO       L_auto_mode18
0x016C	0x0BFB      	DECFSZ     R11, 1
0x016D	0x2968      	GOTO       L_auto_mode18
0x016E	0x0000      	NOP
0x016F	0x0000      	NOP
;MY__CODE.c,35 :: 		for(i=23;i>=0; i--){
0x0170	0x3001      	MOVLW      1
0x0171	0x02A4      	SUBWF      _i, 1
0x0172	0x1C03      	BTFSS      STATUS, 0
0x0173	0x03A5      	DECF       _i+1, 1
;MY__CODE.c,41 :: 		}
0x0174	0x2932      	GOTO       L_auto_mode12
L_auto_mode13:
;MY__CODE.c,42 :: 		}
L_end_auto_mode:
0x0175	0x0008      	RETURN
; end of _auto_mode
_main:
0x0176	0x21C6      	CALL       454
;MY__CODE.c,13 :: 		void main() {
;MY__CODE.c,14 :: 		trisb= 0b00000011;
0x0177	0x3003      	MOVLW      3
0x0178	0x1683      	BSF        STATUS, 5
0x0179	0x1303      	BCF        STATUS, 6
0x017A	0x0086      	MOVWF      TRISB
;MY__CODE.c,15 :: 		trisc = 0 ;
0x017B	0x0187      	CLRF       TRISC
;MY__CODE.c,16 :: 		trisd = 0 ;
0x017C	0x0188      	CLRF       TRISD
;MY__CODE.c,17 :: 		portc = 0 ; portd = 0 ;
0x017D	0x1283      	BCF        STATUS, 5
0x017E	0x0187      	CLRF       PORTC
0x017F	0x0188      	CLRF       PORTD
;MY__CODE.c,18 :: 		gie_bit = 1 ; inte_bit = 1 ;
0x0180	0x178B      	BSF        GIE_bit, BitPos(GIE_bit+0)
0x0181	0x160B      	BSF        INTE_bit, BitPos(INTE_bit+0)
;MY__CODE.c,20 :: 		while(1){
L_main1:
;MY__CODE.c,21 :: 		if(mode) auto_mode();
0x0182	0x0822      	MOVF       _mode, 0
0x0183	0x0423      	IORWF      _mode+1, 0
0x0184	0x1903      	BTFSC      STATUS, 2
0x0185	0x2988      	GOTO       L_main3
0x0186	0x20DE      	CALL       _auto_mode
0x0187	0x2989      	GOTO       L_main4
L_main3:
;MY__CODE.c,22 :: 		else manual_mode();
0x0188	0x2031      	CALL       _manual_mode
L_main4:
;MY__CODE.c,23 :: 		}
0x0189	0x2982      	GOTO       L_main1
;MY__CODE.c,24 :: 		}
L_end_main:
0x018A	0x298A      	GOTO       $+0
; end of _main
0x01C6	0x3020      	MOVLW      32
0x01C7	0x0084      	MOVWF      FSR
0x01C8	0x3036      	MOVLW      54
0x01C9	0x1283      	BCF        STATUS, 5
0x01CA	0x1303      	BCF        STATUS, 6
0x01CB	0x00F0      	MOVWF      R0
0x01CC	0x3090      	MOVLW      144
0x01CD	0x00D6      	MOVWF      ___DoICPAddr
0x01CE	0x3001      	MOVLW      1
0x01CF	0x00D7      	MOVWF      87
0x01D0	0x2025      	CALL       37
0x01D1	0x0008      	RETURN
;MY__CODE.c,0 :: ?ICS_curr_mode
0x0190	0x3400 ;?ICS_curr_mode+0
0x0191	0x3400 ;?ICS_curr_mode+1
; end of ?ICS_curr_mode
;MY__CODE.c,0 :: ?ICS_mode
0x0192	0x3400 ;?ICS_mode+0
0x0193	0x3400 ;?ICS_mode+1
; end of ?ICS_mode
;MY__CODE.c,0 :: ?ICS_i
0x0194	0x3400 ;?ICS_i+0
0x0195	0x3400 ;?ICS_i+1
; end of ?ICS_i
;MY__CODE.c,0 :: ?ICS_nums
0x0196	0x3400 ;?ICS_nums+0
0x0197	0x3400 ;?ICS_nums+1
0x0198	0x3401 ;?ICS_nums+2
0x0199	0x3400 ;?ICS_nums+3
0x019A	0x3402 ;?ICS_nums+4
0x019B	0x3400 ;?ICS_nums+5
0x019C	0x3403 ;?ICS_nums+6
0x019D	0x3400 ;?ICS_nums+7
0x019E	0x3404 ;?ICS_nums+8
0x019F	0x3400 ;?ICS_nums+9
0x01A0	0x3405 ;?ICS_nums+10
0x01A1	0x3400 ;?ICS_nums+11
0x01A2	0x3406 ;?ICS_nums+12
0x01A3	0x3400 ;?ICS_nums+13
0x01A4	0x3407 ;?ICS_nums+14
0x01A5	0x3400 ;?ICS_nums+15
0x01A6	0x3408 ;?ICS_nums+16
0x01A7	0x3400 ;?ICS_nums+17
0x01A8	0x3409 ;?ICS_nums+18
0x01A9	0x3400 ;?ICS_nums+19
0x01AA	0x3410 ;?ICS_nums+20
0x01AB	0x3400 ;?ICS_nums+21
0x01AC	0x3411 ;?ICS_nums+22
0x01AD	0x3400 ;?ICS_nums+23
0x01AE	0x3412 ;?ICS_nums+24
0x01AF	0x3400 ;?ICS_nums+25
0x01B0	0x3413 ;?ICS_nums+26
0x01B1	0x3400 ;?ICS_nums+27
0x01B2	0x3414 ;?ICS_nums+28
0x01B3	0x3400 ;?ICS_nums+29
0x01B4	0x3415 ;?ICS_nums+30
0x01B5	0x3400 ;?ICS_nums+31
0x01B6	0x3416 ;?ICS_nums+32
0x01B7	0x3400 ;?ICS_nums+33
0x01B8	0x3417 ;?ICS_nums+34
0x01B9	0x3400 ;?ICS_nums+35
0x01BA	0x3418 ;?ICS_nums+36
0x01BB	0x3400 ;?ICS_nums+37
0x01BC	0x3419 ;?ICS_nums+38
0x01BD	0x3400 ;?ICS_nums+39
0x01BE	0x3420 ;?ICS_nums+40
0x01BF	0x3400 ;?ICS_nums+41
0x01C0	0x3421 ;?ICS_nums+42
0x01C1	0x3400 ;?ICS_nums+43
0x01C2	0x3422 ;?ICS_nums+44
0x01C3	0x3400 ;?ICS_nums+45
0x01C4	0x3423 ;?ICS_nums+46
0x01C5	0x3400 ;?ICS_nums+47
; end of ?ICS_nums
Symbol List:
//** Routines locations **
//ADDRESS    SIZE    PROCEDURE
//----------------------------------------------
0x0004      [26]    _interrupt
0x001E       [7]    _____DoICP
0x0025      [12]    ___CC2DW
0x0031     [173]    _manual_mode
0x00DE     [152]    _auto_mode
0x0176      [20]    _main
//** Variables locations ** 
//ADDRESS    SIZE    VARIABLE
//----------------------------------------------
0x0000       [1]    INDF
0x0002       [1]    PCL
0x0003       [1]    STATUS
0x0004       [1]    FSR
0x0006       [1]    PORTB
0x0007       [1]    PORTC
0x0008       [1]    PORTD
0x000A       [1]    PCLATH
0x000B       [0]    INTE_bit
0x000B       [0]    GIE_bit
0x000B       [0]    INTF_bit
0x0020       [2]    _curr_mode
0x0022       [2]    _mode
0x0024       [2]    _i
0x0026      [48]    _nums
0x0056       [2]    ___DoICPAddr
0x0058       [1]    ___savePCLATH
0x0059       [1]    ___saveSTATUS
0x0070       [1]    R0
0x0071       [1]    R1
0x0072       [1]    R2
0x0073       [1]    R3
0x0074       [1]    R4
0x0075       [1]    R5
0x0076       [1]    R6
0x0077       [1]    R7
0x0078       [1]    R8
0x0079       [1]    R9
0x007A       [1]    R10
0x007B       [1]    R11
0x007C       [1]    R12
0x007D       [1]    R13
0x007E       [1]    R14
0x007F       [1]    R15
0x0086       [1]    TRISB
0x0087       [1]    TRISC
0x0088       [1]    TRISD
//** Constants locations ** 
//ADDRESS    SIZE    CONSTANT
//----------------------------------------------
0x0190       [2]    ?ICS_curr_mode
0x0192       [2]    ?ICS_mode
0x0194       [2]    ?ICS_i
0x0196      [48]    ?ICS_nums
//** Label List: ** 
//----------------------------------------------
  L_interrupt0
  L_main1
  L_main2
  L_main3
  L_main4
  L_auto_mode5
  L_auto_mode6
  L_auto_mode7
  L_auto_mode8
  L_auto_mode9
  L_auto_mode10
  L_auto_mode11
  L_auto_mode12
  L_auto_mode13
  L_auto_mode14
  L_auto_mode15
  L_auto_mode16
  L_auto_mode17
  L_auto_mode18
  L_manual_mode19
  L_manual_mode20
  L_manual_mode21
  L_manual_mode22
  L_manual_mode23
  L_manual_mode24
  L_manual_mode25
  L_manual_mode26
  L_manual_mode27
  L_manual_mode28
  L_manual_mode29
  L_manual_mode30
  L_manual_mode31
  L_manual_mode32
  L_manual_mode33
  L_manual_mode34
  L_manual_mode35
  L_manual_mode36
  L_manual_mode37
  L_manual_mode38
  L_manual_mode39
  L_manual_mode40
  L__manual_mode41
  L__manual_mode42
  L_end_interrupt
  _interrupt
  L__interrupt44
  L_end_main
  _main
  L_end_auto_mode
  _auto_mode
  L__auto_mode47
  L__auto_mode48
  L__auto_mode49
  L__auto_mode50
  L__auto_mode51
  L__auto_mode52
  L_end_manual_mode
  _manual_mode
  L__manual_mode54
  L__manual_mode55
  L__manual_mode56
  L__manual_mode57
  L__manual_mode58
  L__manual_mode59
  L__manual_mode60
  L__manual_mode61
  L_loopCA2AWs
  L_CA2AWend
  _CCA2AW_Loop1
  L_loopCS2Ss
  L_CS2Send
  _CCS2S_Loop1
  L_CCS2Send
  L_loopFZinSWs
  L_FZinSend
  _CC2D_Loop1
  L_end_____DoICP
  _____DoICP
  L_end_____DoIFC
  _____DoIFC
  L_end___CA2AW
  ___CA2AW
  L_end___CCA2AW
  ___CCA2AW
  L_end___CS2S
  ___CS2S
  L_end___CCS2S
  ___CCS2S
  L_end___FZinS
  ___FZinS
  L_end___CC2DW
  ___CC2DW
  L_end_Swap
  _Swap
  L_interrupt0
  L_main1
  L_main2
  L_main3
  L_main4
  L_auto_mode5
  L_auto_mode6
  L_auto_mode7
  L_auto_mode8
  L_auto_mode9
  L_auto_mode10
  L_auto_mode11
  L_auto_mode12
  L_auto_mode13
  L_auto_mode14
  L_auto_mode15
  L_auto_mode16
  L_auto_mode17
  L_auto_mode18
  L_manual_mode19
  L_manual_mode20
  L_manual_mode21
  L_manual_mode22
  L_manual_mode23
  L_manual_mode24
  L_manual_mode25
  L_manual_mode26
  L_manual_mode27
  L_manual_mode28
  L_manual_mode29
  L_manual_mode30
  L_manual_mode31
  L_manual_mode32
  L_manual_mode33
  L_manual_mode34
  L_manual_mode35
  L_manual_mode36
  L_manual_mode37
  L_manual_mode38
  L_manual_mode39
  L_manual_mode40
  L__manual_mode41
  L__manual_mode42
  L_end_interrupt
  _interrupt
  L__interrupt44
  L_end_main
  _main
  L_end_auto_mode
  _auto_mode
  L__auto_mode47
  L__auto_mode48
  L__auto_mode49
  L__auto_mode50
  L__auto_mode51
  L__auto_mode52
  L_end_manual_mode
  _manual_mode
  L__manual_mode54
  L__manual_mode55
  L__manual_mode56
  L__manual_mode57
  L__manual_mode58
  L__manual_mode59
  L__manual_mode60
  L__manual_mode61
